-------------------------------------------------------------------------------
Test set: com.hextech.hazelcastdemo.HazelcastDemoApplicationTests
-------------------------------------------------------------------------------
Tests run: 1, Failures: 0, Errors: 1, Skipped: 0, Time elapsed: 31.829 s <<< FAILURE! - in com.hextech.hazelcastdemo.HazelcastDemoApplicationTests
contextLoads  Time elapsed: 0.003 s  <<< ERROR!
java.lang.IllegalStateException: Failed to load ApplicationContext
Caused by: org.springframework.beans.factory.UnsatisfiedDependencyException: 
Error creating bean with name 'org.springframework.boot.autoconfigure.orm.jpa.HibernateJpaConfiguration': Unsatisfied dependency expressed through constructor parameter 0; nested exception is org.springframework.beans.factory.BeanCreationException: Error creating bean with name 'dataSource' defined in class path resource [org/springframework/boot/autoconfigure/jdbc/DataSourceConfiguration$Hikari.class]: Initialization of bean failed; nested exception is org.springframework.beans.factory.BeanCreationException: Error creating bean with name 'org.springframework.boot.autoconfigure.jdbc.DataSourceInitializerInvoker': Invocation of init method failed; nested exception is org.springframework.jdbc.datasource.init.ScriptStatementFailedException: Failed to execute SQL script statement #2 of URL [file:/D:/spring_workspace/hazelcast-demo/target/classes/schema.sql]: CREATE TABLE Employee ( id INT, name VARCHAR(250) NOT NULL, department VARCHAR(250) NOT NULL, ); nested exception is org.h2.jdbc.JdbcSQLSyntaxErrorException: Syntax error in SQL statement "CREATE TABLE EMPLOYEE ( ID INT, NAME VARCHAR(250) NOT NULL, DEPARTMENT VARCHAR(250) NOT NULL, )[*]"; expected "identifier"; SQL statement:
CREATE TABLE Employee ( id INT, name VARCHAR(250) NOT NULL, department VARCHAR(250) NOT NULL, ) [42001-200]
Caused by: org.springframework.beans.factory.BeanCreationException: 
Error creating bean with name 'dataSource' defined in class path resource [org/springframework/boot/autoconfigure/jdbc/DataSourceConfiguration$Hikari.class]: Initialization of bean failed; nested exception is org.springframework.beans.factory.BeanCreationException: Error creating bean with name 'org.springframework.boot.autoconfigure.jdbc.DataSourceInitializerInvoker': Invocation of init method failed; nested exception is org.springframework.jdbc.datasource.init.ScriptStatementFailedException: Failed to execute SQL script statement #2 of URL [file:/D:/spring_workspace/hazelcast-demo/target/classes/schema.sql]: CREATE TABLE Employee ( id INT, name VARCHAR(250) NOT NULL, department VARCHAR(250) NOT NULL, ); nested exception is org.h2.jdbc.JdbcSQLSyntaxErrorException: Syntax error in SQL statement "CREATE TABLE EMPLOYEE ( ID INT, NAME VARCHAR(250) NOT NULL, DEPARTMENT VARCHAR(250) NOT NULL, )[*]"; expected "identifier"; SQL statement:
CREATE TABLE Employee ( id INT, name VARCHAR(250) NOT NULL, department VARCHAR(250) NOT NULL, ) [42001-200]
Caused by: org.springframework.beans.factory.BeanCreationException: 
Error creating bean with name 'org.springframework.boot.autoconfigure.jdbc.DataSourceInitializerInvoker': Invocation of init method failed; nested exception is org.springframework.jdbc.datasource.init.ScriptStatementFailedException: Failed to execute SQL script statement #2 of URL [file:/D:/spring_workspace/hazelcast-demo/target/classes/schema.sql]: CREATE TABLE Employee ( id INT, name VARCHAR(250) NOT NULL, department VARCHAR(250) NOT NULL, ); nested exception is org.h2.jdbc.JdbcSQLSyntaxErrorException: Syntax error in SQL statement "CREATE TABLE EMPLOYEE ( ID INT, NAME VARCHAR(250) NOT NULL, DEPARTMENT VARCHAR(250) NOT NULL, )[*]"; expected "identifier"; SQL statement:
CREATE TABLE Employee ( id INT, name VARCHAR(250) NOT NULL, department VARCHAR(250) NOT NULL, ) [42001-200]
Caused by: org.springframework.jdbc.datasource.init.ScriptStatementFailedException: 
Failed to execute SQL script statement #2 of URL [file:/D:/spring_workspace/hazelcast-demo/target/classes/schema.sql]: CREATE TABLE Employee ( id INT, name VARCHAR(250) NOT NULL, department VARCHAR(250) NOT NULL, ); nested exception is org.h2.jdbc.JdbcSQLSyntaxErrorException: Syntax error in SQL statement "CREATE TABLE EMPLOYEE ( ID INT, NAME VARCHAR(250) NOT NULL, DEPARTMENT VARCHAR(250) NOT NULL, )[*]"; expected "identifier"; SQL statement:
CREATE TABLE Employee ( id INT, name VARCHAR(250) NOT NULL, department VARCHAR(250) NOT NULL, ) [42001-200]
Caused by: org.h2.jdbc.JdbcSQLSyntaxErrorException: 
Syntax error in SQL statement "CREATE TABLE EMPLOYEE ( ID INT, NAME VARCHAR(250) NOT NULL, DEPARTMENT VARCHAR(250) NOT NULL, )[*]"; expected "identifier"; SQL statement:
CREATE TABLE Employee ( id INT, name VARCHAR(250) NOT NULL, department VARCHAR(250) NOT NULL, ) [42001-200]

